  [1m[36m (27.8ms)[0m  [1mCREATE TABLE "schema_migrations" ("version" character varying NOT NULL) [0m
  [1m[35m (2.1ms)[0m  CREATE UNIQUE INDEX  "unique_schema_migrations" ON "schema_migrations"  ("version")
  [1m[36mActiveRecord::SchemaMigration Load (0.3ms)[0m  [1mSELECT "schema_migrations".* FROM "schema_migrations"[0m
Migrating to DeviseCreateUsers (20151202085114)
  [1m[35m (0.1ms)[0m  BEGIN
  [1m[36m (15.0ms)[0m  [1mCREATE TABLE "users" ("id" serial primary key, "email" character varying DEFAULT '' NOT NULL, "encrypted_password" character varying DEFAULT '' NOT NULL, "reset_password_token" character varying, "reset_password_sent_at" timestamp, "remember_created_at" timestamp, "sign_in_count" integer DEFAULT 0 NOT NULL, "current_sign_in_at" timestamp, "last_sign_in_at" timestamp, "current_sign_in_ip" inet, "last_sign_in_ip" inet, "created_at" timestamp NOT NULL, "updated_at" timestamp NOT NULL) [0m
  [1m[35m (6.8ms)[0m  CREATE UNIQUE INDEX  "index_users_on_email" ON "users"  ("email")
  [1m[36m (1.0ms)[0m  [1mCREATE UNIQUE INDEX  "index_users_on_reset_password_token" ON "users"  ("reset_password_token")[0m
  [1m[35mSQL (0.2ms)[0m  INSERT INTO "schema_migrations" ("version") VALUES ($1)  [["version", "20151202085114"]]
  [1m[36m (6.3ms)[0m  [1mCOMMIT[0m
Migrating to CreateDevelopers (20151202091821)
  [1m[35m (5.7ms)[0m  BEGIN
  [1m[36m (8.2ms)[0m  [1mCREATE TABLE "developers" ("id" serial primary key, "name" character varying, "created_at" timestamp NOT NULL, "updated_at" timestamp NOT NULL) [0m
  [1m[35mSQL (0.5ms)[0m  INSERT INTO "schema_migrations" ("version") VALUES ($1)  [["version", "20151202091821"]]
  [1m[36m (0.4ms)[0m  [1mCOMMIT[0m
Migrating to CreateProjects (20151202092216)
  [1m[35m (0.2ms)[0m  BEGIN
  [1m[36m (3.0ms)[0m  [1mCREATE TABLE "projects" ("id" serial primary key, "name" character varying, "description" text, "developer_id" integer, "created_at" timestamp NOT NULL, "updated_at" timestamp NOT NULL) [0m
  [1m[35m (0.8ms)[0m  CREATE  INDEX  "index_projects_on_developer_id" ON "projects"  ("developer_id")
  [1m[36m (2.8ms)[0m  [1mALTER TABLE "projects" ADD CONSTRAINT "fk_rails_01655e2d16"
FOREIGN KEY ("developer_id")
  REFERENCES "developers" ("id")
[0m
  [1m[35mSQL (0.2ms)[0m  INSERT INTO "schema_migrations" ("version") VALUES ($1)  [["version", "20151202092216"]]
  [1m[36m (0.4ms)[0m  [1mCOMMIT[0m
Migrating to AddLastNameToDeveloper (20151202102050)
  [1m[35m (0.2ms)[0m  BEGIN
  [1m[36m (0.3ms)[0m  [1mALTER TABLE "developers" ADD "last_name" character varying[0m
  [1m[35m (0.5ms)[0m  ALTER TABLE "developers" RENAME COLUMN "name" TO "first_name"
  [1m[36mSQL (0.1ms)[0m  [1mINSERT INTO "schema_migrations" ("version") VALUES ($1)[0m  [["version", "20151202102050"]]
  [1m[35m (0.3ms)[0m  COMMIT
  [1m[36mActiveRecord::SchemaMigration Load (0.1ms)[0m  [1mSELECT "schema_migrations".* FROM "schema_migrations"[0m
  [1m[35m (3.1ms)[0m  SELECT t2.oid::regclass::text AS to_table, a1.attname AS column, a2.attname AS primary_key, c.conname AS name, c.confupdtype AS on_update, c.confdeltype AS on_delete
FROM pg_constraint c
JOIN pg_class t1 ON c.conrelid = t1.oid
JOIN pg_class t2 ON c.confrelid = t2.oid
JOIN pg_attribute a1 ON a1.attnum = c.conkey[1] AND a1.attrelid = t1.oid
JOIN pg_attribute a2 ON a2.attnum = c.confkey[1] AND a2.attrelid = t2.oid
JOIN pg_namespace t3 ON c.connamespace = t3.oid
WHERE c.contype = 'f'
  AND t1.relname = 'developers'
  AND t3.nspname = ANY (current_schemas(false))
ORDER BY c.conname

  [1m[36m (1.7ms)[0m  [1mSELECT t2.oid::regclass::text AS to_table, a1.attname AS column, a2.attname AS primary_key, c.conname AS name, c.confupdtype AS on_update, c.confdeltype AS on_delete
FROM pg_constraint c
JOIN pg_class t1 ON c.conrelid = t1.oid
JOIN pg_class t2 ON c.confrelid = t2.oid
JOIN pg_attribute a1 ON a1.attnum = c.conkey[1] AND a1.attrelid = t1.oid
JOIN pg_attribute a2 ON a2.attnum = c.confkey[1] AND a2.attrelid = t2.oid
JOIN pg_namespace t3 ON c.connamespace = t3.oid
WHERE c.contype = 'f'
  AND t1.relname = 'projects'
  AND t3.nspname = ANY (current_schemas(false))
ORDER BY c.conname
[0m
  [1m[35m (1.8ms)[0m  SELECT t2.oid::regclass::text AS to_table, a1.attname AS column, a2.attname AS primary_key, c.conname AS name, c.confupdtype AS on_update, c.confdeltype AS on_delete
FROM pg_constraint c
JOIN pg_class t1 ON c.conrelid = t1.oid
JOIN pg_class t2 ON c.confrelid = t2.oid
JOIN pg_attribute a1 ON a1.attnum = c.conkey[1] AND a1.attrelid = t1.oid
JOIN pg_attribute a2 ON a2.attnum = c.confkey[1] AND a2.attrelid = t2.oid
JOIN pg_namespace t3 ON c.connamespace = t3.oid
WHERE c.contype = 'f'
  AND t1.relname = 'users'
  AND t3.nspname = ANY (current_schemas(false))
ORDER BY c.conname



Started GET "/" for ::1 at 2015-12-28 14:39:23 +0100
  [1m[36mActiveRecord::SchemaMigration Load (0.4ms)[0m  [1mSELECT "schema_migrations".* FROM "schema_migrations"[0m
Processing by DevelopersController#index as HTML
Completed 401 Unauthorized in 19ms (ActiveRecord: 0.0ms)


Started GET "/users/sign_in" for ::1 at 2015-12-28 14:39:23 +0100
Processing by Devise::SessionsController#new as HTML
  Rendered /Users/izabelka/.rvm/gems/ruby-2.2.3/gems/devise-3.5.2/app/views/devise/shared/_links.html.erb (1.5ms)
  Rendered /Users/izabelka/.rvm/gems/ruby-2.2.3/gems/devise-3.5.2/app/views/devise/sessions/new.html.erb within layouts/application (22.2ms)
Completed 200 OK in 1545ms (Views: 1532.5ms | ActiveRecord: 2.0ms)


Started GET "/assets/turbolinks.self-c37727e9bd6b2735da5c311aa83fead54ed0be6cc8bd9a65309e9c5abe2cbfff.js?body=1" for ::1 at 2015-12-28 14:39:25 +0100


Started GET "/assets/application.self-3b8dabdc891efe46b9a144b400ad69e37d7e5876bdc39dee783419a69d7ca819.js?body=1" for ::1 at 2015-12-28 14:39:25 +0100


Started GET "/assets/jquery.self-a714331225dda820228db323939889f149aec0127aeb06255646b616ba1ca419.js?body=1" for ::1 at 2015-12-28 14:39:25 +0100


Started GET "/assets/application.self-e80e8f2318043e8af94dddc2adad5a4f09739a8ebb323b3ab31cd71d45fd9113.css?body=1" for ::1 at 2015-12-28 14:39:25 +0100


Started GET "/assets/jquery_ujs.self-d456baa54c1fa6be2ec3711f0a72ddf7a5b2f34a6b4f515f33767d6207b7d4b3.js?body=1" for ::1 at 2015-12-28 14:39:25 +0100


Started GET "/apple-touch-icon-precomposed.png" for ::1 at 2015-12-28 14:39:25 +0100

ActionController::RoutingError (No route matches [GET] "/apple-touch-icon-precomposed.png"):
  actionpack (4.2.1) lib/action_dispatch/middleware/debug_exceptions.rb:21:in `call'
  web-console (2.2.1) lib/web_console/middleware.rb:39:in `call'
  actionpack (4.2.1) lib/action_dispatch/middleware/show_exceptions.rb:30:in `call'
  railties (4.2.1) lib/rails/rack/logger.rb:38:in `call_app'
  railties (4.2.1) lib/rails/rack/logger.rb:20:in `block in call'
  activesupport (4.2.1) lib/active_support/tagged_logging.rb:68:in `block in tagged'
  activesupport (4.2.1) lib/active_support/tagged_logging.rb:26:in `tagged'
  activesupport (4.2.1) lib/active_support/tagged_logging.rb:68:in `tagged'
  railties (4.2.1) lib/rails/rack/logger.rb:20:in `call'
  actionpack (4.2.1) lib/action_dispatch/middleware/request_id.rb:21:in `call'
  rack (1.6.4) lib/rack/methodoverride.rb:22:in `call'
  rack (1.6.4) lib/rack/runtime.rb:18:in `call'
  activesupport (4.2.1) lib/active_support/cache/strategy/local_cache_middleware.rb:28:in `call'
  rack (1.6.4) lib/rack/lock.rb:17:in `call'
  actionpack (4.2.1) lib/action_dispatch/middleware/static.rb:113:in `call'
  rack (1.6.4) lib/rack/sendfile.rb:113:in `call'
  railties (4.2.1) lib/rails/engine.rb:518:in `call'
  railties (4.2.1) lib/rails/application.rb:164:in `call'
  rack (1.6.4) lib/rack/lock.rb:17:in `call'
  rack (1.6.4) lib/rack/content_length.rb:15:in `call'
  rack (1.6.4) lib/rack/handler/webrick.rb:88:in `service'
  /Users/izabelka/.rvm/rubies/ruby-2.2.3/lib/ruby/2.2.0/webrick/httpserver.rb:138:in `service'
  /Users/izabelka/.rvm/rubies/ruby-2.2.3/lib/ruby/2.2.0/webrick/httpserver.rb:94:in `run'
  /Users/izabelka/.rvm/rubies/ruby-2.2.3/lib/ruby/2.2.0/webrick/server.rb:294:in `block in start_thread'


  Rendered /Users/izabelka/.rvm/gems/ruby-2.2.3/gems/actionpack-4.2.1/lib/action_dispatch/middleware/templates/rescues/_trace.html.erb (2.0ms)
  Rendered /Users/izabelka/.rvm/gems/ruby-2.2.3/gems/actionpack-4.2.1/lib/action_dispatch/middleware/templates/routes/_route.html.erb (5.9ms)
  Rendered /Users/izabelka/.rvm/gems/ruby-2.2.3/gems/actionpack-4.2.1/lib/action_dispatch/middleware/templates/routes/_table.html.erb (3.3ms)
  Rendered /Users/izabelka/.rvm/gems/ruby-2.2.3/gems/actionpack-4.2.1/lib/action_dispatch/middleware/templates/rescues/_request_and_response.html.erb (2.4ms)
  Rendered /Users/izabelka/.rvm/gems/ruby-2.2.3/gems/actionpack-4.2.1/lib/action_dispatch/middleware/templates/rescues/routing_error.html.erb within rescues/layout (150.6ms)
  Rendered /Users/izabelka/.rvm/gems/ruby-2.2.3/gems/web-console-2.2.1/lib/web_console/templates/_markup.html.erb (0.8ms)
  Rendered /Users/izabelka/.rvm/gems/ruby-2.2.3/gems/web-console-2.2.1/lib/web_console/templates/_inner_console_markup.html.erb within layouts/inlined_string (0.7ms)
  Rendered /Users/izabelka/.rvm/gems/ruby-2.2.3/gems/web-console-2.2.1/lib/web_console/templates/_prompt_box_markup.html.erb within layouts/inlined_string (0.4ms)
  Rendered /Users/izabelka/.rvm/gems/ruby-2.2.3/gems/web-console-2.2.1/lib/web_console/templates/style.css.erb within layouts/inlined_string (2.7ms)
  Rendered /Users/izabelka/.rvm/gems/ruby-2.2.3/gems/web-console-2.2.1/lib/web_console/templates/console.js.erb within layouts/javascript (69.7ms)
  Rendered /Users/izabelka/.rvm/gems/ruby-2.2.3/gems/web-console-2.2.1/lib/web_console/templates/main.js.erb within layouts/javascript (0.6ms)
  Rendered /Users/izabelka/.rvm/gems/ruby-2.2.3/gems/web-console-2.2.1/lib/web_console/templates/error_page.js.erb within layouts/javascript (0.8ms)
  Rendered /Users/izabelka/.rvm/gems/ruby-2.2.3/gems/web-console-2.2.1/lib/web_console/templates/index.html.erb (198.3ms)


Started GET "/apple-touch-icon.png" for ::1 at 2015-12-28 14:39:26 +0100

ActionController::RoutingError (No route matches [GET] "/apple-touch-icon.png"):
  actionpack (4.2.1) lib/action_dispatch/middleware/debug_exceptions.rb:21:in `call'
  web-console (2.2.1) lib/web_console/middleware.rb:39:in `call'
  actionpack (4.2.1) lib/action_dispatch/middleware/show_exceptions.rb:30:in `call'
  railties (4.2.1) lib/rails/rack/logger.rb:38:in `call_app'
  railties (4.2.1) lib/rails/rack/logger.rb:20:in `block in call'
  activesupport (4.2.1) lib/active_support/tagged_logging.rb:68:in `block in tagged'
  activesupport (4.2.1) lib/active_support/tagged_logging.rb:26:in `tagged'
  activesupport (4.2.1) lib/active_support/tagged_logging.rb:68:in `tagged'
  railties (4.2.1) lib/rails/rack/logger.rb:20:in `call'
  actionpack (4.2.1) lib/action_dispatch/middleware/request_id.rb:21:in `call'
  rack (1.6.4) lib/rack/methodoverride.rb:22:in `call'
  rack (1.6.4) lib/rack/runtime.rb:18:in `call'
  activesupport (4.2.1) lib/active_support/cache/strategy/local_cache_middleware.rb:28:in `call'
  rack (1.6.4) lib/rack/lock.rb:17:in `call'
  actionpack (4.2.1) lib/action_dispatch/middleware/static.rb:113:in `call'
  rack (1.6.4) lib/rack/sendfile.rb:113:in `call'
  railties (4.2.1) lib/rails/engine.rb:518:in `call'
  railties (4.2.1) lib/rails/application.rb:164:in `call'
  rack (1.6.4) lib/rack/lock.rb:17:in `call'
  rack (1.6.4) lib/rack/content_length.rb:15:in `call'
  rack (1.6.4) lib/rack/handler/webrick.rb:88:in `service'
  /Users/izabelka/.rvm/rubies/ruby-2.2.3/lib/ruby/2.2.0/webrick/httpserver.rb:138:in `service'
  /Users/izabelka/.rvm/rubies/ruby-2.2.3/lib/ruby/2.2.0/webrick/httpserver.rb:94:in `run'
  /Users/izabelka/.rvm/rubies/ruby-2.2.3/lib/ruby/2.2.0/webrick/server.rb:294:in `block in start_thread'


  Rendered /Users/izabelka/.rvm/gems/ruby-2.2.3/gems/actionpack-4.2.1/lib/action_dispatch/middleware/templates/rescues/_trace.html.erb (1.1ms)
  Rendered /Users/izabelka/.rvm/gems/ruby-2.2.3/gems/actionpack-4.2.1/lib/action_dispatch/middleware/templates/routes/_route.html.erb (1.3ms)
  Rendered /Users/izabelka/.rvm/gems/ruby-2.2.3/gems/actionpack-4.2.1/lib/action_dispatch/middleware/templates/routes/_table.html.erb (1.1ms)
  Rendered /Users/izabelka/.rvm/gems/ruby-2.2.3/gems/actionpack-4.2.1/lib/action_dispatch/middleware/templates/rescues/_request_and_response.html.erb (0.8ms)
  Rendered /Users/izabelka/.rvm/gems/ruby-2.2.3/gems/actionpack-4.2.1/lib/action_dispatch/middleware/templates/rescues/routing_error.html.erb within rescues/layout (67.7ms)
  Rendered /Users/izabelka/.rvm/gems/ruby-2.2.3/gems/web-console-2.2.1/lib/web_console/templates/_markup.html.erb (0.3ms)
  Rendered /Users/izabelka/.rvm/gems/ruby-2.2.3/gems/web-console-2.2.1/lib/web_console/templates/_inner_console_markup.html.erb within layouts/inlined_string (0.2ms)
  Rendered /Users/izabelka/.rvm/gems/ruby-2.2.3/gems/web-console-2.2.1/lib/web_console/templates/_prompt_box_markup.html.erb within layouts/inlined_string (0.3ms)
  Rendered /Users/izabelka/.rvm/gems/ruby-2.2.3/gems/web-console-2.2.1/lib/web_console/templates/style.css.erb within layouts/inlined_string (0.3ms)
  Rendered /Users/izabelka/.rvm/gems/ruby-2.2.3/gems/web-console-2.2.1/lib/web_console/templates/console.js.erb within layouts/javascript (44.7ms)
  Rendered /Users/izabelka/.rvm/gems/ruby-2.2.3/gems/web-console-2.2.1/lib/web_console/templates/main.js.erb within layouts/javascript (0.4ms)
  Rendered /Users/izabelka/.rvm/gems/ruby-2.2.3/gems/web-console-2.2.1/lib/web_console/templates/error_page.js.erb within layouts/javascript (0.3ms)
  Rendered /Users/izabelka/.rvm/gems/ruby-2.2.3/gems/web-console-2.2.1/lib/web_console/templates/index.html.erb (101.1ms)


Started GET "/users/sign_in" for ::1 at 2015-12-28 14:39:29 +0100
Processing by Devise::SessionsController#new as HTML
  Rendered /Users/izabelka/.rvm/gems/ruby-2.2.3/gems/devise-3.5.2/app/views/devise/shared/_links.html.erb (0.3ms)
  Rendered /Users/izabelka/.rvm/gems/ruby-2.2.3/gems/devise-3.5.2/app/views/devise/sessions/new.html.erb within layouts/application (4.9ms)
Completed 200 OK in 27ms (Views: 25.7ms | ActiveRecord: 0.0ms)


Started GET "/assets/application.self-e80e8f2318043e8af94dddc2adad5a4f09739a8ebb323b3ab31cd71d45fd9113.css?body=1" for ::1 at 2015-12-28 14:39:29 +0100


Started GET "/assets/jquery.self-a714331225dda820228db323939889f149aec0127aeb06255646b616ba1ca419.js?body=1" for ::1 at 2015-12-28 14:39:29 +0100


Started GET "/assets/application.self-3b8dabdc891efe46b9a144b400ad69e37d7e5876bdc39dee783419a69d7ca819.js?body=1" for ::1 at 2015-12-28 14:39:29 +0100


Started GET "/assets/jquery_ujs.self-d456baa54c1fa6be2ec3711f0a72ddf7a5b2f34a6b4f515f33767d6207b7d4b3.js?body=1" for ::1 at 2015-12-28 14:39:29 +0100


Started GET "/assets/turbolinks.self-c37727e9bd6b2735da5c311aa83fead54ed0be6cc8bd9a65309e9c5abe2cbfff.js?body=1" for ::1 at 2015-12-28 14:39:29 +0100


Started GET "/users/sign_up" for ::1 at 2015-12-28 14:39:33 +0100
Processing by Devise::RegistrationsController#new as HTML
  Rendered /Users/izabelka/.rvm/gems/ruby-2.2.3/gems/devise-3.5.2/app/views/devise/shared/_links.html.erb (0.4ms)
  Rendered /Users/izabelka/.rvm/gems/ruby-2.2.3/gems/devise-3.5.2/app/views/devise/registrations/new.html.erb within layouts/application (4.9ms)
Completed 200 OK in 33ms (Views: 31.8ms | ActiveRecord: 0.0ms)


Started POST "/users" for ::1 at 2015-12-28 14:39:46 +0100
Processing by Devise::RegistrationsController#create as HTML
  Parameters: {"utf8"=>"✓", "authenticity_token"=>"Vre/90DdxCvZwkBCboonO58yFcq1TwkgDcj9SRo5JlOPk9aECPpRXuZ4tsT0u8O4v33scaFd6afgJVWG+/3Uxw==", "user"=>{"email"=>"i.konstanciak@gmail.com", "password"=>"[FILTERED]", "password_confirmation"=>"[FILTERED]"}, "commit"=>"Sign up"}
  [1m[35m (0.1ms)[0m  BEGIN
  [1m[36mUser Exists (0.7ms)[0m  [1mSELECT  1 AS one FROM "users" WHERE "users"."email" = 'i.konstanciak@gmail.com' LIMIT 1[0m
  [1m[35mSQL (20.7ms)[0m  INSERT INTO "users" ("email", "encrypted_password", "created_at", "updated_at") VALUES ($1, $2, $3, $4) RETURNING "id"  [["email", "i.konstanciak@gmail.com"], ["encrypted_password", "$2a$10$04TaK7mqS2iXgY3/cZDUTeOMAs/p8W/FJDBOLdMxAgpvurpyTSwWa"], ["created_at", "2015-12-28 13:39:46.232071"], ["updated_at", "2015-12-28 13:39:46.232071"]]
  [1m[36m (0.4ms)[0m  [1mCOMMIT[0m
  [1m[35m (0.1ms)[0m  BEGIN
  [1m[36mSQL (0.3ms)[0m  [1mUPDATE "users" SET "last_sign_in_at" = $1, "current_sign_in_at" = $2, "last_sign_in_ip" = $3, "current_sign_in_ip" = $4, "sign_in_count" = $5, "updated_at" = $6 WHERE "users"."id" = $7[0m  [["last_sign_in_at", "2015-12-28 13:39:46.255776"], ["current_sign_in_at", "2015-12-28 13:39:46.255776"], ["last_sign_in_ip", "::1/128"], ["current_sign_in_ip", "::1/128"], ["sign_in_count", 1], ["updated_at", "2015-12-28 13:39:46.256917"], ["id", 1]]
  [1m[35m (10.3ms)[0m  COMMIT
Redirected to http://localhost:3000/
Completed 302 Found in 148ms (ActiveRecord: 32.8ms)


Started GET "/" for ::1 at 2015-12-28 14:39:46 +0100
Processing by DevelopersController#index as HTML
  [1m[36mUser Load (0.3ms)[0m  [1mSELECT  "users".* FROM "users" WHERE "users"."id" = $1  ORDER BY "users"."id" ASC LIMIT 1[0m  [["id", 1]]
  [1m[35mDeveloper Load (0.7ms)[0m  SELECT "developers".* FROM "developers"
  Rendered developers/index.html.haml within layouts/application (6.5ms)
Completed 200 OK in 105ms (Views: 83.3ms | ActiveRecord: 1.8ms)


Started GET "/developers" for ::1 at 2015-12-28 14:39:50 +0100
Processing by DevelopersController#index as HTML
  [1m[36mUser Load (0.3ms)[0m  [1mSELECT  "users".* FROM "users" WHERE "users"."id" = $1  ORDER BY "users"."id" ASC LIMIT 1[0m  [["id", 1]]
  [1m[35mDeveloper Load (0.3ms)[0m  SELECT "developers".* FROM "developers"
  Rendered developers/index.html.haml within layouts/application (2.7ms)
Completed 200 OK in 27ms (Views: 24.9ms | ActiveRecord: 0.5ms)


Started GET "/projects" for ::1 at 2015-12-28 14:39:51 +0100
Processing by ProjectsController#index as HTML
  [1m[36mUser Load (0.3ms)[0m  [1mSELECT  "users".* FROM "users" WHERE "users"."id" = $1  ORDER BY "users"."id" ASC LIMIT 1[0m  [["id", 1]]
  [1m[35mProject Load (0.4ms)[0m  SELECT "projects".* FROM "projects"
  Rendered collection (0.0ms)
  Rendered projects/index.html.haml within layouts/application (2.7ms)
Completed 200 OK in 33ms (Views: 25.4ms | ActiveRecord: 1.2ms)


Started GET "/projects" for ::1 at 2015-12-28 14:39:52 +0100
Processing by ProjectsController#index as HTML
  [1m[36mUser Load (0.2ms)[0m  [1mSELECT  "users".* FROM "users" WHERE "users"."id" = $1  ORDER BY "users"."id" ASC LIMIT 1[0m  [["id", 1]]
  [1m[35mProject Load (0.2ms)[0m  SELECT "projects".* FROM "projects"
  Rendered collection (0.0ms)
  Rendered projects/index.html.haml within layouts/application (0.9ms)
Completed 200 OK in 26ms (Views: 24.4ms | ActiveRecord: 0.4ms)


Started GET "/developers/new" for ::1 at 2015-12-28 14:39:54 +0100
Processing by DevelopersController#new as HTML
  [1m[36mUser Load (0.2ms)[0m  [1mSELECT  "users".* FROM "users" WHERE "users"."id" = $1  ORDER BY "users"."id" ASC LIMIT 1[0m  [["id", 1]]
  Rendered developers/new.html.haml within layouts/application (42.7ms)
Completed 200 OK in 72ms (Views: 67.4ms | ActiveRecord: 0.6ms)


Started GET "/users/sign_up" for ::1 at 2015-12-28 14:39:58 +0100
Processing by Devise::RegistrationsController#new as HTML
  [1m[35mUser Load (0.4ms)[0m  SELECT  "users".* FROM "users" WHERE "users"."id" = $1  ORDER BY "users"."id" ASC LIMIT 1  [["id", 1]]
Redirected to http://localhost:3000/
Filter chain halted as :require_no_authentication rendered or redirected
Completed 302 Found in 3ms (ActiveRecord: 0.4ms)


Started GET "/" for ::1 at 2015-12-28 14:39:58 +0100
Processing by DevelopersController#index as HTML
  [1m[36mUser Load (0.2ms)[0m  [1mSELECT  "users".* FROM "users" WHERE "users"."id" = $1  ORDER BY "users"."id" ASC LIMIT 1[0m  [["id", 1]]
  [1m[35mDeveloper Load (0.2ms)[0m  SELECT "developers".* FROM "developers"
  Rendered developers/index.html.haml within layouts/application (0.8ms)
Completed 200 OK in 35ms (Views: 32.4ms | ActiveRecord: 0.4ms)


Started GET "/developers/new" for ::1 at 2015-12-28 14:41:03 +0100
Processing by DevelopersController#new as HTML
  [1m[36mUser Load (0.2ms)[0m  [1mSELECT  "users".* FROM "users" WHERE "users"."id" = $1  ORDER BY "users"."id" ASC LIMIT 1[0m  [["id", 1]]
  Rendered developers/new.html.haml within layouts/application (3.9ms)
Completed 200 OK in 28ms (Views: 26.1ms | ActiveRecord: 0.2ms)


Started POST "/developers" for ::1 at 2015-12-28 14:41:12 +0100
Processing by DevelopersController#create as HTML
  Parameters: {"utf8"=>"✓", "authenticity_token"=>"l+VttdutysG7Y+7iRzWjE9tgRYhDjnppPqxRize2kmtOwQTGk4pftITZGGTdBEeQ+y+8M1ecmu7TQflE1nJg/w==", "developer"=>{"first_name"=>"Jaś", "last_name"=>"Fasola"}, "commit"=>"save"}
  [1m[35mUser Load (0.2ms)[0m  SELECT  "users".* FROM "users" WHERE "users"."id" = $1  ORDER BY "users"."id" ASC LIMIT 1  [["id", 1]]
  [1m[36m (0.1ms)[0m  [1mBEGIN[0m
  [1m[35mSQL (0.3ms)[0m  INSERT INTO "developers" ("first_name", "last_name", "created_at", "updated_at") VALUES ($1, $2, $3, $4) RETURNING "id"  [["first_name", "Jaś"], ["last_name", "Fasola"], ["created_at", "2015-12-28 13:41:12.327483"], ["updated_at", "2015-12-28 13:41:12.327483"]]
  [1m[36m (1.1ms)[0m  [1mCOMMIT[0m
Redirected to http://localhost:3000/developers
Completed 302 Found in 6ms (ActiveRecord: 1.7ms)


Started GET "/developers" for ::1 at 2015-12-28 14:41:12 +0100
Processing by DevelopersController#index as HTML
  [1m[35mUser Load (0.2ms)[0m  SELECT  "users".* FROM "users" WHERE "users"."id" = $1  ORDER BY "users"."id" ASC LIMIT 1  [["id", 1]]
  [1m[36mDeveloper Load (0.2ms)[0m  [1mSELECT "developers".* FROM "developers"[0m
  [1m[35m (0.2ms)[0m  SELECT COUNT(*) FROM "projects" WHERE "projects"."developer_id" = $1  [["developer_id", 1]]
  Rendered developers/index.html.haml within layouts/application (14.3ms)
Completed 200 OK in 45ms (Views: 43.6ms | ActiveRecord: 0.6ms)


Started GET "/developers/1" for ::1 at 2015-12-28 14:41:14 +0100
Processing by DevelopersController#show as HTML
  Parameters: {"id"=>"1"}
  [1m[36mUser Load (0.2ms)[0m  [1mSELECT  "users".* FROM "users" WHERE "users"."id" = $1  ORDER BY "users"."id" ASC LIMIT 1[0m  [["id", 1]]
  [1m[35mDeveloper Load (0.2ms)[0m  SELECT  "developers".* FROM "developers" WHERE "developers"."id" = $1 LIMIT 1  [["id", 1]]
  [1m[36mProject Load (0.1ms)[0m  [1mSELECT "projects".* FROM "projects" WHERE "projects"."developer_id" = $1[0m  [["developer_id", 1]]
  Rendered collection (0.0ms)
  Rendered developers/show.html.haml within layouts/application (2.6ms)
Completed 200 OK in 32ms (Views: 26.4ms | ActiveRecord: 0.5ms)


Started GET "/developers/new" for ::1 at 2015-12-28 14:41:16 +0100
Processing by DevelopersController#new as HTML
  [1m[35mUser Load (0.2ms)[0m  SELECT  "users".* FROM "users" WHERE "users"."id" = $1  ORDER BY "users"."id" ASC LIMIT 1  [["id", 1]]
  Rendered developers/new.html.haml within layouts/application (3.7ms)
Completed 200 OK in 30ms (Views: 27.7ms | ActiveRecord: 0.2ms)


Started GET "/" for ::1 at 2015-12-29 11:32:54 +0100
  [1m[36mActiveRecord::SchemaMigration Load (1.4ms)[0m  [1mSELECT "schema_migrations".* FROM "schema_migrations"[0m
Processing by DevelopersController#index as HTML
Completed 401 Unauthorized in 26ms (ActiveRecord: 0.0ms)


Started GET "/users/sign_in" for ::1 at 2015-12-29 11:32:54 +0100
Processing by Devise::SessionsController#new as HTML
  Rendered /Users/izabelka/.rvm/gems/ruby-2.2.3/gems/devise-3.5.2/app/views/devise/shared/_links.html.erb (1.4ms)
  Rendered /Users/izabelka/.rvm/gems/ruby-2.2.3/gems/devise-3.5.2/app/views/devise/sessions/new.html.erb within layouts/application (24.7ms)
Completed 200 OK in 339ms (Views: 324.3ms | ActiveRecord: 3.2ms)


Started GET "/assets/application.self-3b8dabdc891efe46b9a144b400ad69e37d7e5876bdc39dee783419a69d7ca819.js?body=1" for ::1 at 2015-12-29 11:32:54 +0100


Started GET "/assets/application.self-e80e8f2318043e8af94dddc2adad5a4f09739a8ebb323b3ab31cd71d45fd9113.css?body=1" for ::1 at 2015-12-29 11:32:54 +0100


Started POST "/users/sign_in" for ::1 at 2015-12-29 11:33:00 +0100
Processing by Devise::SessionsController#create as HTML
  Parameters: {"utf8"=>"✓", "authenticity_token"=>"CPcWNXnurD99NG0c8UGYq14I0AQnnTo5mhp3pPKg61IjYSb0RPe9LXYrIQJz5EbCU1iaBF5BcDLiQooyzXnobg==", "user"=>{"email"=>"i.konstanciak@gmail.com", "password"=>"[FILTERED]", "remember_me"=>"0"}, "commit"=>"Log in"}
  [1m[35mUser Load (0.9ms)[0m  SELECT  "users".* FROM "users" WHERE "users"."email" = $1  ORDER BY "users"."id" ASC LIMIT 1  [["email", "i.konstanciak@gmail.com"]]
  [1m[36m (0.2ms)[0m  [1mBEGIN[0m
  [1m[35mSQL (0.6ms)[0m  UPDATE "users" SET "current_sign_in_at" = $1, "sign_in_count" = $2, "updated_at" = $3 WHERE "users"."id" = $4  [["current_sign_in_at", "2015-12-29 10:33:00.661967"], ["sign_in_count", 2], ["updated_at", "2015-12-29 10:33:00.665868"], ["id", 1]]
  [1m[36m (0.4ms)[0m  [1mCOMMIT[0m
Redirected to http://localhost:3000/
Completed 302 Found in 124ms (ActiveRecord: 2.3ms)


Started GET "/" for ::1 at 2015-12-29 11:33:00 +0100
Processing by DevelopersController#index as HTML
  [1m[35mUser Load (0.2ms)[0m  SELECT  "users".* FROM "users" WHERE "users"."id" = $1  ORDER BY "users"."id" ASC LIMIT 1  [["id", 1]]
  [1m[36mDeveloper Load (0.6ms)[0m  [1mSELECT "developers".* FROM "developers"[0m
  [1m[35m (1.1ms)[0m  SELECT COUNT(*) FROM "projects" WHERE "projects"."developer_id" = $1  [["developer_id", 1]]
  Rendered developers/index.html.haml within layouts/application (27.8ms)
Completed 200 OK in 92ms (Views: 78.4ms | ActiveRecord: 4.2ms)


Started GET "/developers" for ::1 at 2015-12-29 11:33:09 +0100
Processing by DevelopersController#index as HTML
  [1m[36mUser Load (0.2ms)[0m  [1mSELECT  "users".* FROM "users" WHERE "users"."id" = $1  ORDER BY "users"."id" ASC LIMIT 1[0m  [["id", 1]]
  [1m[35mDeveloper Load (0.2ms)[0m  SELECT "developers".* FROM "developers"
  [1m[36m (0.2ms)[0m  [1mSELECT COUNT(*) FROM "projects" WHERE "projects"."developer_id" = $1[0m  [["developer_id", 1]]
  Rendered developers/index.html.haml within layouts/application (3.7ms)
Completed 200 OK in 27ms (Views: 24.5ms | ActiveRecord: 0.7ms)


Started GET "/developers" for ::1 at 2015-12-29 11:33:11 +0100
Processing by DevelopersController#index as HTML
  [1m[35mUser Load (0.3ms)[0m  SELECT  "users".* FROM "users" WHERE "users"."id" = $1  ORDER BY "users"."id" ASC LIMIT 1  [["id", 1]]
  [1m[36mDeveloper Load (0.2ms)[0m  [1mSELECT "developers".* FROM "developers"[0m
  [1m[35m (0.3ms)[0m  SELECT COUNT(*) FROM "projects" WHERE "projects"."developer_id" = $1  [["developer_id", 1]]
  Rendered developers/index.html.haml within layouts/application (2.9ms)
Completed 200 OK in 27ms (Views: 25.1ms | ActiveRecord: 0.9ms)


Started GET "/projects" for ::1 at 2015-12-29 11:33:14 +0100
Processing by ProjectsController#index as HTML
  [1m[36mUser Load (0.3ms)[0m  [1mSELECT  "users".* FROM "users" WHERE "users"."id" = $1  ORDER BY "users"."id" ASC LIMIT 1[0m  [["id", 1]]
  [1m[35mProject Load (0.2ms)[0m  SELECT "projects".* FROM "projects"
  Rendered collection (0.0ms)
  Rendered projects/index.html.haml within layouts/application (1.8ms)
Completed 200 OK in 32ms (Views: 29.5ms | ActiveRecord: 0.6ms)


Started GET "/developers" for ::1 at 2015-12-29 11:33:16 +0100
Processing by DevelopersController#index as HTML
  [1m[36mUser Load (0.3ms)[0m  [1mSELECT  "users".* FROM "users" WHERE "users"."id" = $1  ORDER BY "users"."id" ASC LIMIT 1[0m  [["id", 1]]
  [1m[35mDeveloper Load (0.3ms)[0m  SELECT "developers".* FROM "developers"
  [1m[36m (0.2ms)[0m  [1mSELECT COUNT(*) FROM "projects" WHERE "projects"."developer_id" = $1[0m  [["developer_id", 1]]
  Rendered developers/index.html.haml within layouts/application (2.4ms)
Completed 200 OK in 30ms (Views: 27.6ms | ActiveRecord: 0.7ms)


Started GET "/projects" for ::1 at 2015-12-29 11:33:19 +0100
Processing by ProjectsController#index as HTML
  [1m[35mUser Load (0.3ms)[0m  SELECT  "users".* FROM "users" WHERE "users"."id" = $1  ORDER BY "users"."id" ASC LIMIT 1  [["id", 1]]
  [1m[36mProject Load (0.2ms)[0m  [1mSELECT "projects".* FROM "projects"[0m
  Rendered collection (0.0ms)
  Rendered projects/index.html.haml within layouts/application (0.9ms)
Completed 200 OK in 41ms (Views: 38.7ms | ActiveRecord: 0.5ms)


Started GET "/developers" for ::1 at 2015-12-29 11:33:20 +0100
Processing by DevelopersController#index as HTML
  [1m[35mUser Load (0.2ms)[0m  SELECT  "users".* FROM "users" WHERE "users"."id" = $1  ORDER BY "users"."id" ASC LIMIT 1  [["id", 1]]
  [1m[36mDeveloper Load (0.2ms)[0m  [1mSELECT "developers".* FROM "developers"[0m
  [1m[35m (0.2ms)[0m  SELECT COUNT(*) FROM "projects" WHERE "projects"."developer_id" = $1  [["developer_id", 1]]
  Rendered developers/index.html.haml within layouts/application (2.3ms)
Completed 200 OK in 30ms (Views: 27.8ms | ActiveRecord: 0.6ms)


Started GET "/projects" for ::1 at 2015-12-29 11:33:21 +0100
Processing by ProjectsController#index as HTML
  [1m[36mUser Load (0.2ms)[0m  [1mSELECT  "users".* FROM "users" WHERE "users"."id" = $1  ORDER BY "users"."id" ASC LIMIT 1[0m  [["id", 1]]
  [1m[35mProject Load (0.2ms)[0m  SELECT "projects".* FROM "projects"
  Rendered collection (0.0ms)
  Rendered projects/index.html.haml within layouts/application (0.9ms)
Completed 200 OK in 28ms (Views: 25.9ms | ActiveRecord: 0.4ms)


Started GET "/developers" for ::1 at 2015-12-29 11:33:22 +0100
Processing by DevelopersController#index as HTML
  [1m[36mUser Load (0.2ms)[0m  [1mSELECT  "users".* FROM "users" WHERE "users"."id" = $1  ORDER BY "users"."id" ASC LIMIT 1[0m  [["id", 1]]
  [1m[35mDeveloper Load (0.2ms)[0m  SELECT "developers".* FROM "developers"
  [1m[36m (0.2ms)[0m  [1mSELECT COUNT(*) FROM "projects" WHERE "projects"."developer_id" = $1[0m  [["developer_id", 1]]
  Rendered developers/index.html.haml within layouts/application (2.8ms)
Completed 200 OK in 28ms (Views: 26.1ms | ActiveRecord: 0.6ms)


Started GET "/" for ::1 at 2015-12-29 11:33:39 +0100
Processing by DevelopersController#index as HTML
  [1m[35mUser Load (0.2ms)[0m  SELECT  "users".* FROM "users" WHERE "users"."id" = $1  ORDER BY "users"."id" ASC LIMIT 1  [["id", 1]]
  [1m[36mDeveloper Load (0.2ms)[0m  [1mSELECT "developers".* FROM "developers"[0m
  [1m[35m (0.2ms)[0m  SELECT COUNT(*) FROM "projects" WHERE "projects"."developer_id" = $1  [["developer_id", 1]]
  Rendered developers/index.html.haml within layouts/application (2.5ms)
Completed 200 OK in 32ms (Views: 30.4ms | ActiveRecord: 0.6ms)


Started GET "/" for ::1 at 2015-12-29 11:33:39 +0100
Processing by DevelopersController#index as HTML
  [1m[36mUser Load (0.2ms)[0m  [1mSELECT  "users".* FROM "users" WHERE "users"."id" = $1  ORDER BY "users"."id" ASC LIMIT 1[0m  [["id", 1]]
  [1m[35mDeveloper Load (1.0ms)[0m  SELECT "developers".* FROM "developers"
  [1m[36m (0.8ms)[0m  [1mSELECT COUNT(*) FROM "projects" WHERE "projects"."developer_id" = $1[0m  [["developer_id", 1]]
  Rendered developers/index.html.haml within layouts/application (11.6ms)
Completed 200 OK in 76ms (Views: 72.2ms | ActiveRecord: 2.1ms)


Started GET "/projects" for ::1 at 2015-12-29 11:33:41 +0100
Processing by ProjectsController#index as HTML
  [1m[35mUser Load (0.2ms)[0m  SELECT  "users".* FROM "users" WHERE "users"."id" = $1  ORDER BY "users"."id" ASC LIMIT 1  [["id", 1]]
  [1m[36mProject Load (0.3ms)[0m  [1mSELECT "projects".* FROM "projects"[0m
  Rendered collection (0.0ms)
  Rendered projects/index.html.haml within layouts/application (1.4ms)
Completed 200 OK in 27ms (Views: 25.2ms | ActiveRecord: 0.5ms)


Started GET "/developers" for ::1 at 2015-12-29 11:33:45 +0100
Processing by DevelopersController#index as HTML
  [1m[35mUser Load (0.2ms)[0m  SELECT  "users".* FROM "users" WHERE "users"."id" = $1  ORDER BY "users"."id" ASC LIMIT 1  [["id", 1]]
  [1m[36mDeveloper Load (0.4ms)[0m  [1mSELECT "developers".* FROM "developers"[0m
  [1m[35m (0.2ms)[0m  SELECT COUNT(*) FROM "projects" WHERE "projects"."developer_id" = $1  [["developer_id", 1]]
  Rendered developers/index.html.haml within layouts/application (3.3ms)
Completed 200 OK in 29ms (Views: 26.5ms | ActiveRecord: 0.7ms)


Started GET "/projects" for ::1 at 2015-12-29 11:33:45 +0100
Processing by ProjectsController#index as HTML
  [1m[36mUser Load (0.2ms)[0m  [1mSELECT  "users".* FROM "users" WHERE "users"."id" = $1  ORDER BY "users"."id" ASC LIMIT 1[0m  [["id", 1]]
  [1m[35mProject Load (0.2ms)[0m  SELECT "projects".* FROM "projects"
  Rendered collection (0.0ms)
  Rendered projects/index.html.haml within layouts/application (0.9ms)
Completed 200 OK in 35ms (Views: 33.3ms | ActiveRecord: 0.4ms)


Started GET "/developers" for ::1 at 2015-12-29 11:33:46 +0100
Processing by DevelopersController#index as HTML
  [1m[36mUser Load (0.2ms)[0m  [1mSELECT  "users".* FROM "users" WHERE "users"."id" = $1  ORDER BY "users"."id" ASC LIMIT 1[0m  [["id", 1]]
  [1m[35mDeveloper Load (0.3ms)[0m  SELECT "developers".* FROM "developers"
  [1m[36m (0.3ms)[0m  [1mSELECT COUNT(*) FROM "projects" WHERE "projects"."developer_id" = $1[0m  [["developer_id", 1]]
  Rendered developers/index.html.haml within layouts/application (3.1ms)
Completed 200 OK in 27ms (Views: 24.6ms | ActiveRecord: 0.9ms)


Started GET "/developers/1" for ::1 at 2015-12-29 11:33:48 +0100
Processing by DevelopersController#show as HTML
  Parameters: {"id"=>"1"}
  [1m[35mUser Load (0.3ms)[0m  SELECT  "users".* FROM "users" WHERE "users"."id" = $1  ORDER BY "users"."id" ASC LIMIT 1  [["id", 1]]
  [1m[36mDeveloper Load (0.2ms)[0m  [1mSELECT  "developers".* FROM "developers" WHERE "developers"."id" = $1 LIMIT 1[0m  [["id", 1]]
  [1m[35mProject Load (0.1ms)[0m  SELECT "projects".* FROM "projects" WHERE "projects"."developer_id" = $1  [["developer_id", 1]]
  Rendered collection (0.0ms)
  Rendered developers/show.html.haml within layouts/application (2.6ms)
Completed 200 OK in 39ms (Views: 32.8ms | ActiveRecord: 0.6ms)


Started GET "/projects" for ::1 at 2015-12-29 11:33:51 +0100
Processing by ProjectsController#index as HTML
  [1m[36mUser Load (0.2ms)[0m  [1mSELECT  "users".* FROM "users" WHERE "users"."id" = $1  ORDER BY "users"."id" ASC LIMIT 1[0m  [["id", 1]]
  [1m[35mProject Load (0.3ms)[0m  SELECT "projects".* FROM "projects"
  Rendered collection (0.0ms)
  Rendered projects/index.html.haml within layouts/application (1.3ms)
Completed 200 OK in 25ms (Views: 23.0ms | ActiveRecord: 0.5ms)


Started GET "/developers" for ::1 at 2015-12-29 11:33:53 +0100
Processing by DevelopersController#index as HTML
  [1m[36mUser Load (0.2ms)[0m  [1mSELECT  "users".* FROM "users" WHERE "users"."id" = $1  ORDER BY "users"."id" ASC LIMIT 1[0m  [["id", 1]]
  [1m[35mDeveloper Load (0.2ms)[0m  SELECT "developers".* FROM "developers"
  [1m[36m (0.2ms)[0m  [1mSELECT COUNT(*) FROM "projects" WHERE "projects"."developer_id" = $1[0m  [["developer_id", 1]]
  Rendered developers/index.html.haml within layouts/application (2.3ms)
Completed 200 OK in 30ms (Views: 27.9ms | ActiveRecord: 0.6ms)
  [1m[36mActiveRecord::SchemaMigration Load (0.3ms)[0m  [1mSELECT "schema_migrations".* FROM "schema_migrations"[0m


Started GET "/" for ::1 at 2016-01-01 23:12:59 +0100
  [1m[36mActiveRecord::SchemaMigration Load (0.5ms)[0m  [1mSELECT "schema_migrations".* FROM "schema_migrations"[0m
Processing by DevelopersController#index as HTML
  [1m[35mUser Load (0.4ms)[0m  SELECT  "users".* FROM "users" WHERE "users"."id" = $1  ORDER BY "users"."id" ASC LIMIT 1  [["id", 1]]
  [1m[36mDeveloper Load (2.7ms)[0m  [1mSELECT "developers".* FROM "developers"[0m
  [1m[35m (1.5ms)[0m  SELECT COUNT(*) FROM "projects" WHERE "projects"."developer_id" = $1  [["developer_id", 1]]
  Rendered developers/index.html.haml within layouts/application (34.2ms)
Completed 200 OK in 292ms (Views: 243.5ms | ActiveRecord: 9.2ms)


Started GET "/assets/jquery.self-a714331225dda820228db323939889f149aec0127aeb06255646b616ba1ca419.js?body=1" for ::1 at 2016-01-01 23:12:59 +0100


Started GET "/assets/application.self-e80e8f2318043e8af94dddc2adad5a4f09739a8ebb323b3ab31cd71d45fd9113.css?body=1" for ::1 at 2016-01-01 23:12:59 +0100


Started GET "/assets/application.self-3b8dabdc891efe46b9a144b400ad69e37d7e5876bdc39dee783419a69d7ca819.js?body=1" for ::1 at 2016-01-01 23:12:59 +0100


Started GET "/apple-touch-icon-precomposed.png" for ::1 at 2016-01-01 23:12:59 +0100

ActionController::RoutingError (No route matches [GET] "/apple-touch-icon-precomposed.png"):
  actionpack (4.2.1) lib/action_dispatch/middleware/debug_exceptions.rb:21:in `call'
  web-console (2.2.1) lib/web_console/middleware.rb:39:in `call'
  actionpack (4.2.1) lib/action_dispatch/middleware/show_exceptions.rb:30:in `call'
  railties (4.2.1) lib/rails/rack/logger.rb:38:in `call_app'
  railties (4.2.1) lib/rails/rack/logger.rb:20:in `block in call'
  activesupport (4.2.1) lib/active_support/tagged_logging.rb:68:in `block in tagged'
  activesupport (4.2.1) lib/active_support/tagged_logging.rb:26:in `tagged'
  activesupport (4.2.1) lib/active_support/tagged_logging.rb:68:in `tagged'
  railties (4.2.1) lib/rails/rack/logger.rb:20:in `call'
  actionpack (4.2.1) lib/action_dispatch/middleware/request_id.rb:21:in `call'
  rack (1.6.4) lib/rack/methodoverride.rb:22:in `call'
  rack (1.6.4) lib/rack/runtime.rb:18:in `call'
  activesupport (4.2.1) lib/active_support/cache/strategy/local_cache_middleware.rb:28:in `call'
  rack (1.6.4) lib/rack/lock.rb:17:in `call'
  actionpack (4.2.1) lib/action_dispatch/middleware/static.rb:113:in `call'
  rack (1.6.4) lib/rack/sendfile.rb:113:in `call'
  railties (4.2.1) lib/rails/engine.rb:518:in `call'
  railties (4.2.1) lib/rails/application.rb:164:in `call'
  rack (1.6.4) lib/rack/lock.rb:17:in `call'
  rack (1.6.4) lib/rack/content_length.rb:15:in `call'
  rack (1.6.4) lib/rack/handler/webrick.rb:88:in `service'
  /Users/izabelka/.rvm/rubies/ruby-2.2.3/lib/ruby/2.2.0/webrick/httpserver.rb:138:in `service'
  /Users/izabelka/.rvm/rubies/ruby-2.2.3/lib/ruby/2.2.0/webrick/httpserver.rb:94:in `run'
  /Users/izabelka/.rvm/rubies/ruby-2.2.3/lib/ruby/2.2.0/webrick/server.rb:294:in `block in start_thread'


  Rendered /Users/izabelka/.rvm/gems/ruby-2.2.3/gems/actionpack-4.2.1/lib/action_dispatch/middleware/templates/rescues/_trace.html.erb (1.3ms)
  Rendered /Users/izabelka/.rvm/gems/ruby-2.2.3/gems/actionpack-4.2.1/lib/action_dispatch/middleware/templates/routes/_route.html.erb (2.2ms)
  Rendered /Users/izabelka/.rvm/gems/ruby-2.2.3/gems/actionpack-4.2.1/lib/action_dispatch/middleware/templates/routes/_table.html.erb (3.3ms)
  Rendered /Users/izabelka/.rvm/gems/ruby-2.2.3/gems/actionpack-4.2.1/lib/action_dispatch/middleware/templates/rescues/_request_and_response.html.erb (1.2ms)
  Rendered /Users/izabelka/.rvm/gems/ruby-2.2.3/gems/actionpack-4.2.1/lib/action_dispatch/middleware/templates/rescues/routing_error.html.erb within rescues/layout (105.0ms)
  Rendered /Users/izabelka/.rvm/gems/ruby-2.2.3/gems/web-console-2.2.1/lib/web_console/templates/_markup.html.erb (0.4ms)
  Rendered /Users/izabelka/.rvm/gems/ruby-2.2.3/gems/web-console-2.2.1/lib/web_console/templates/_inner_console_markup.html.erb within layouts/inlined_string (0.5ms)
  Rendered /Users/izabelka/.rvm/gems/ruby-2.2.3/gems/web-console-2.2.1/lib/web_console/templates/_prompt_box_markup.html.erb within layouts/inlined_string (1.4ms)
  Rendered /Users/izabelka/.rvm/gems/ruby-2.2.3/gems/web-console-2.2.1/lib/web_console/templates/style.css.erb within layouts/inlined_string (0.4ms)
  Rendered /Users/izabelka/.rvm/gems/ruby-2.2.3/gems/web-console-2.2.1/lib/web_console/templates/console.js.erb within layouts/javascript (76.3ms)
  Rendered /Users/izabelka/.rvm/gems/ruby-2.2.3/gems/web-console-2.2.1/lib/web_console/templates/main.js.erb within layouts/javascript (0.3ms)
  Rendered /Users/izabelka/.rvm/gems/ruby-2.2.3/gems/web-console-2.2.1/lib/web_console/templates/error_page.js.erb within layouts/javascript (0.4ms)
  Rendered /Users/izabelka/.rvm/gems/ruby-2.2.3/gems/web-console-2.2.1/lib/web_console/templates/index.html.erb (144.8ms)


Started GET "/apple-touch-icon.png" for ::1 at 2016-01-01 23:13:00 +0100

ActionController::RoutingError (No route matches [GET] "/apple-touch-icon.png"):
  actionpack (4.2.1) lib/action_dispatch/middleware/debug_exceptions.rb:21:in `call'
  web-console (2.2.1) lib/web_console/middleware.rb:39:in `call'
  actionpack (4.2.1) lib/action_dispatch/middleware/show_exceptions.rb:30:in `call'
  railties (4.2.1) lib/rails/rack/logger.rb:38:in `call_app'
  railties (4.2.1) lib/rails/rack/logger.rb:20:in `block in call'
  activesupport (4.2.1) lib/active_support/tagged_logging.rb:68:in `block in tagged'
  activesupport (4.2.1) lib/active_support/tagged_logging.rb:26:in `tagged'
  activesupport (4.2.1) lib/active_support/tagged_logging.rb:68:in `tagged'
  railties (4.2.1) lib/rails/rack/logger.rb:20:in `call'
  actionpack (4.2.1) lib/action_dispatch/middleware/request_id.rb:21:in `call'
  rack (1.6.4) lib/rack/methodoverride.rb:22:in `call'
  rack (1.6.4) lib/rack/runtime.rb:18:in `call'
  activesupport (4.2.1) lib/active_support/cache/strategy/local_cache_middleware.rb:28:in `call'
  rack (1.6.4) lib/rack/lock.rb:17:in `call'
  actionpack (4.2.1) lib/action_dispatch/middleware/static.rb:113:in `call'
  rack (1.6.4) lib/rack/sendfile.rb:113:in `call'
  railties (4.2.1) lib/rails/engine.rb:518:in `call'
  railties (4.2.1) lib/rails/application.rb:164:in `call'
  rack (1.6.4) lib/rack/lock.rb:17:in `call'
  rack (1.6.4) lib/rack/content_length.rb:15:in `call'
  rack (1.6.4) lib/rack/handler/webrick.rb:88:in `service'
  /Users/izabelka/.rvm/rubies/ruby-2.2.3/lib/ruby/2.2.0/webrick/httpserver.rb:138:in `service'
  /Users/izabelka/.rvm/rubies/ruby-2.2.3/lib/ruby/2.2.0/webrick/httpserver.rb:94:in `run'
  /Users/izabelka/.rvm/rubies/ruby-2.2.3/lib/ruby/2.2.0/webrick/server.rb:294:in `block in start_thread'


  Rendered /Users/izabelka/.rvm/gems/ruby-2.2.3/gems/actionpack-4.2.1/lib/action_dispatch/middleware/templates/rescues/_trace.html.erb (1.3ms)
  Rendered /Users/izabelka/.rvm/gems/ruby-2.2.3/gems/actionpack-4.2.1/lib/action_dispatch/middleware/templates/routes/_route.html.erb (2.2ms)
  Rendered /Users/izabelka/.rvm/gems/ruby-2.2.3/gems/actionpack-4.2.1/lib/action_dispatch/middleware/templates/routes/_table.html.erb (3.0ms)
  Rendered /Users/izabelka/.rvm/gems/ruby-2.2.3/gems/actionpack-4.2.1/lib/action_dispatch/middleware/templates/rescues/_request_and_response.html.erb (1.3ms)
  Rendered /Users/izabelka/.rvm/gems/ruby-2.2.3/gems/actionpack-4.2.1/lib/action_dispatch/middleware/templates/rescues/routing_error.html.erb within rescues/layout (74.8ms)
  Rendered /Users/izabelka/.rvm/gems/ruby-2.2.3/gems/web-console-2.2.1/lib/web_console/templates/_markup.html.erb (0.3ms)
  Rendered /Users/izabelka/.rvm/gems/ruby-2.2.3/gems/web-console-2.2.1/lib/web_console/templates/_inner_console_markup.html.erb within layouts/inlined_string (0.3ms)
  Rendered /Users/izabelka/.rvm/gems/ruby-2.2.3/gems/web-console-2.2.1/lib/web_console/templates/_prompt_box_markup.html.erb within layouts/inlined_string (0.3ms)
  Rendered /Users/izabelka/.rvm/gems/ruby-2.2.3/gems/web-console-2.2.1/lib/web_console/templates/style.css.erb within layouts/inlined_string (0.5ms)
  Rendered /Users/izabelka/.rvm/gems/ruby-2.2.3/gems/web-console-2.2.1/lib/web_console/templates/console.js.erb within layouts/javascript (46.0ms)
  Rendered /Users/izabelka/.rvm/gems/ruby-2.2.3/gems/web-console-2.2.1/lib/web_console/templates/main.js.erb within layouts/javascript (0.4ms)
  Rendered /Users/izabelka/.rvm/gems/ruby-2.2.3/gems/web-console-2.2.1/lib/web_console/templates/error_page.js.erb within layouts/javascript (0.5ms)
  Rendered /Users/izabelka/.rvm/gems/ruby-2.2.3/gems/web-console-2.2.1/lib/web_console/templates/index.html.erb (107.1ms)


Started GET "/projects" for ::1 at 2016-01-01 23:13:03 +0100
Processing by ProjectsController#index as HTML
  [1m[36mUser Load (0.7ms)[0m  [1mSELECT  "users".* FROM "users" WHERE "users"."id" = $1  ORDER BY "users"."id" ASC LIMIT 1[0m  [["id", 1]]
  [1m[35mProject Load (0.3ms)[0m  SELECT "projects".* FROM "projects"
  Rendered collection (0.0ms)
  Rendered projects/index.html.haml within layouts/application (2.0ms)
Completed 200 OK in 45ms (Views: 40.9ms | ActiveRecord: 0.9ms)


Started GET "/developers" for ::1 at 2016-01-01 23:13:04 +0100
Processing by DevelopersController#index as HTML
  [1m[36mUser Load (0.2ms)[0m  [1mSELECT  "users".* FROM "users" WHERE "users"."id" = $1  ORDER BY "users"."id" ASC LIMIT 1[0m  [["id", 1]]
  [1m[35mDeveloper Load (0.2ms)[0m  SELECT "developers".* FROM "developers"
  [1m[36m (0.2ms)[0m  [1mSELECT COUNT(*) FROM "projects" WHERE "projects"."developer_id" = $1[0m  [["developer_id", 1]]
  Rendered developers/index.html.haml within layouts/application (4.2ms)
Completed 200 OK in 38ms (Views: 35.5ms | ActiveRecord: 0.7ms)


Started GET "/developers" for ::1 at 2016-01-01 23:13:07 +0100
Processing by DevelopersController#index as HTML
  [1m[35mUser Load (0.3ms)[0m  SELECT  "users".* FROM "users" WHERE "users"."id" = $1  ORDER BY "users"."id" ASC LIMIT 1  [["id", 1]]
  [1m[36mDeveloper Load (0.6ms)[0m  [1mSELECT "developers".* FROM "developers"[0m
  [1m[35m (0.2ms)[0m  SELECT COUNT(*) FROM "projects" WHERE "projects"."developer_id" = $1  [["developer_id", 1]]
  Rendered developers/index.html.haml within layouts/application (4.9ms)
Completed 200 OK in 42ms (Views: 39.1ms | ActiveRecord: 1.1ms)


Started GET "/assets/application.self-e80e8f2318043e8af94dddc2adad5a4f09739a8ebb323b3ab31cd71d45fd9113.css?body=1" for ::1 at 2016-01-01 23:13:07 +0100


Started GET "/assets/jquery.self-a714331225dda820228db323939889f149aec0127aeb06255646b616ba1ca419.js?body=1" for ::1 at 2016-01-01 23:13:07 +0100


Started GET "/assets/jquery_ujs.self-d456baa54c1fa6be2ec3711f0a72ddf7a5b2f34a6b4f515f33767d6207b7d4b3.js?body=1" for ::1 at 2016-01-01 23:13:07 +0100


Started GET "/assets/turbolinks.self-c37727e9bd6b2735da5c311aa83fead54ed0be6cc8bd9a65309e9c5abe2cbfff.js?body=1" for ::1 at 2016-01-01 23:13:07 +0100


Started GET "/assets/application.self-3b8dabdc891efe46b9a144b400ad69e37d7e5876bdc39dee783419a69d7ca819.js?body=1" for ::1 at 2016-01-01 23:13:07 +0100


Started GET "/developers" for ::1 at 2016-01-01 23:15:42 +0100
Processing by DevelopersController#index as HTML
  [1m[36mUser Load (0.2ms)[0m  [1mSELECT  "users".* FROM "users" WHERE "users"."id" = $1  ORDER BY "users"."id" ASC LIMIT 1[0m  [["id", 1]]
  [1m[35mDeveloper Load (0.3ms)[0m  SELECT "developers".* FROM "developers"
  [1m[36m (0.2ms)[0m  [1mSELECT COUNT(*) FROM "projects" WHERE "projects"."developer_id" = $1[0m  [["developer_id", 1]]
  Rendered developers/index.html.haml within layouts/application (2.9ms)
Completed 200 OK in 56ms (Views: 53.7ms | ActiveRecord: 0.7ms)


Started GET "/projects" for ::1 at 2016-01-01 23:15:44 +0100
Processing by ProjectsController#index as HTML
  [1m[35mUser Load (0.3ms)[0m  SELECT  "users".* FROM "users" WHERE "users"."id" = $1  ORDER BY "users"."id" ASC LIMIT 1  [["id", 1]]
  [1m[36mProject Load (0.2ms)[0m  [1mSELECT "projects".* FROM "projects"[0m
  Rendered collection (0.0ms)
  Rendered projects/index.html.haml within layouts/application (0.8ms)
Completed 200 OK in 32ms (Views: 29.4ms | ActiveRecord: 0.5ms)


Started GET "/developers" for ::1 at 2016-01-01 23:15:45 +0100
Processing by DevelopersController#index as HTML
  [1m[35mUser Load (0.2ms)[0m  SELECT  "users".* FROM "users" WHERE "users"."id" = $1  ORDER BY "users"."id" ASC LIMIT 1  [["id", 1]]
  [1m[36mDeveloper Load (0.2ms)[0m  [1mSELECT "developers".* FROM "developers"[0m
  [1m[35m (0.3ms)[0m  SELECT COUNT(*) FROM "projects" WHERE "projects"."developer_id" = $1  [["developer_id", 1]]
  Rendered developers/index.html.haml within layouts/application (2.2ms)
Completed 200 OK in 29ms (Views: 27.0ms | ActiveRecord: 0.7ms)


Started GET "/developers/1" for ::1 at 2016-01-01 23:15:54 +0100
Processing by DevelopersController#show as HTML
  Parameters: {"id"=>"1"}
  [1m[36mUser Load (0.2ms)[0m  [1mSELECT  "users".* FROM "users" WHERE "users"."id" = $1  ORDER BY "users"."id" ASC LIMIT 1[0m  [["id", 1]]
  [1m[35mDeveloper Load (0.2ms)[0m  SELECT  "developers".* FROM "developers" WHERE "developers"."id" = $1 LIMIT 1  [["id", 1]]
  [1m[36mProject Load (0.2ms)[0m  [1mSELECT "projects".* FROM "projects" WHERE "projects"."developer_id" = $1[0m  [["developer_id", 1]]
  Rendered collection (0.0ms)
  Rendered developers/show.html.haml within layouts/application (2.8ms)
Completed 200 OK in 31ms (Views: 25.9ms | ActiveRecord: 0.6ms)


Started GET "/developers/2" for ::1 at 2016-01-01 23:16:06 +0100
Processing by DevelopersController#show as HTML
  Parameters: {"id"=>"2"}
  [1m[35mUser Load (0.2ms)[0m  SELECT  "users".* FROM "users" WHERE "users"."id" = $1  ORDER BY "users"."id" ASC LIMIT 1  [["id", 1]]
  [1m[36mDeveloper Load (0.2ms)[0m  [1mSELECT  "developers".* FROM "developers" WHERE "developers"."id" = $1 LIMIT 1[0m  [["id", 2]]
Completed 404 Not Found in 2ms (ActiveRecord: 0.4ms)

ActiveRecord::RecordNotFound (Couldn't find Developer with 'id'=2):
  app/controllers/developers_controller.rb:5:in `show'


  Rendered /Users/izabelka/.rvm/gems/ruby-2.2.3/gems/actionpack-4.2.1/lib/action_dispatch/middleware/templates/rescues/_source.erb (4.2ms)
  Rendered /Users/izabelka/.rvm/gems/ruby-2.2.3/gems/actionpack-4.2.1/lib/action_dispatch/middleware/templates/rescues/_trace.html.erb (1.9ms)
  Rendered /Users/izabelka/.rvm/gems/ruby-2.2.3/gems/actionpack-4.2.1/lib/action_dispatch/middleware/templates/rescues/_request_and_response.html.erb (0.9ms)
  Rendered /Users/izabelka/.rvm/gems/ruby-2.2.3/gems/actionpack-4.2.1/lib/action_dispatch/middleware/templates/rescues/diagnostics.html.erb within rescues/layout (49.4ms)
  Rendered /Users/izabelka/.rvm/gems/ruby-2.2.3/gems/web-console-2.2.1/lib/web_console/templates/_markup.html.erb (0.3ms)
  Rendered /Users/izabelka/.rvm/gems/ruby-2.2.3/gems/web-console-2.2.1/lib/web_console/templates/_inner_console_markup.html.erb within layouts/inlined_string (0.3ms)
  Rendered /Users/izabelka/.rvm/gems/ruby-2.2.3/gems/web-console-2.2.1/lib/web_console/templates/_prompt_box_markup.html.erb within layouts/inlined_string (0.3ms)
  Rendered /Users/izabelka/.rvm/gems/ruby-2.2.3/gems/web-console-2.2.1/lib/web_console/templates/style.css.erb within layouts/inlined_string (0.3ms)
  Rendered /Users/izabelka/.rvm/gems/ruby-2.2.3/gems/web-console-2.2.1/lib/web_console/templates/console.js.erb within layouts/javascript (45.6ms)
  Rendered /Users/izabelka/.rvm/gems/ruby-2.2.3/gems/web-console-2.2.1/lib/web_console/templates/main.js.erb within layouts/javascript (0.4ms)
  Rendered /Users/izabelka/.rvm/gems/ruby-2.2.3/gems/web-console-2.2.1/lib/web_console/templates/error_page.js.erb within layouts/javascript (0.9ms)
  Rendered /Users/izabelka/.rvm/gems/ruby-2.2.3/gems/web-console-2.2.1/lib/web_console/templates/index.html.erb (102.6ms)


Started GET "/developers/1" for ::1 at 2016-01-01 23:16:11 +0100
Processing by DevelopersController#show as HTML
  Parameters: {"id"=>"1"}
  [1m[35mUser Load (0.2ms)[0m  SELECT  "users".* FROM "users" WHERE "users"."id" = $1  ORDER BY "users"."id" ASC LIMIT 1  [["id", 1]]
  [1m[36mDeveloper Load (0.2ms)[0m  [1mSELECT  "developers".* FROM "developers" WHERE "developers"."id" = $1 LIMIT 1[0m  [["id", 1]]
  [1m[35mProject Load (0.3ms)[0m  SELECT "projects".* FROM "projects" WHERE "projects"."developer_id" = $1  [["developer_id", 1]]
  Rendered collection (0.0ms)
  Rendered developers/show.html.haml within layouts/application (2.1ms)
Completed 200 OK in 31ms (Views: 29.1ms | ActiveRecord: 0.6ms)


Started GET "/developers/new" for ::1 at 2016-01-01 23:16:12 +0100
Processing by DevelopersController#new as HTML
  [1m[36mUser Load (0.2ms)[0m  [1mSELECT  "users".* FROM "users" WHERE "users"."id" = $1  ORDER BY "users"."id" ASC LIMIT 1[0m  [["id", 1]]
  Rendered developers/new.html.haml within layouts/application (281.2ms)
Completed 200 OK in 305ms (Views: 302.9ms | ActiveRecord: 0.2ms)


Started POST "/developers" for ::1 at 2016-01-01 23:16:33 +0100
Processing by DevelopersController#create as HTML
  Parameters: {"utf8"=>"✓", "authenticity_token"=>"mWzkqYXUMI7VCr7pKonl2UZWWOjjitwxvk4dAYRL7PS7lQdFimB63GVOqHjxUidFO/iadbSVQrQFFCo3BPu3vw==", "developer"=>{"first_name"=>"John", "last_name"=>"Cena"}, "commit"=>"save"}
  [1m[35mUser Load (0.2ms)[0m  SELECT  "users".* FROM "users" WHERE "users"."id" = $1  ORDER BY "users"."id" ASC LIMIT 1  [["id", 1]]
  [1m[36m (0.1ms)[0m  [1mBEGIN[0m
  [1m[35mSQL (1.4ms)[0m  INSERT INTO "developers" ("first_name", "last_name", "created_at", "updated_at") VALUES ($1, $2, $3, $4) RETURNING "id"  [["first_name", "John"], ["last_name", "Cena"], ["created_at", "2016-01-01 22:16:33.968937"], ["updated_at", "2016-01-01 22:16:33.968937"]]
  [1m[36m (0.4ms)[0m  [1mCOMMIT[0m
Redirected to http://localhost:3000/developers
Completed 302 Found in 6ms (ActiveRecord: 2.0ms)


Started GET "/developers" for ::1 at 2016-01-01 23:16:33 +0100
Processing by DevelopersController#index as HTML
  [1m[35mUser Load (0.2ms)[0m  SELECT  "users".* FROM "users" WHERE "users"."id" = $1  ORDER BY "users"."id" ASC LIMIT 1  [["id", 1]]
  [1m[36mDeveloper Load (0.2ms)[0m  [1mSELECT "developers".* FROM "developers"[0m
  [1m[35m (0.2ms)[0m  SELECT COUNT(*) FROM "projects" WHERE "projects"."developer_id" = $1  [["developer_id", 1]]
  [1m[36m (0.2ms)[0m  [1mSELECT COUNT(*) FROM "projects" WHERE "projects"."developer_id" = $1[0m  [["developer_id", 2]]
  Rendered developers/index.html.haml within layouts/application (3.1ms)
Completed 200 OK in 37ms (Views: 34.7ms | ActiveRecord: 0.8ms)


Started GET "/developers/2" for ::1 at 2016-01-01 23:16:36 +0100
Processing by DevelopersController#show as HTML
  Parameters: {"id"=>"2"}
  [1m[35mUser Load (0.3ms)[0m  SELECT  "users".* FROM "users" WHERE "users"."id" = $1  ORDER BY "users"."id" ASC LIMIT 1  [["id", 1]]
  [1m[36mDeveloper Load (0.2ms)[0m  [1mSELECT  "developers".* FROM "developers" WHERE "developers"."id" = $1 LIMIT 1[0m  [["id", 2]]
  [1m[35mProject Load (0.2ms)[0m  SELECT "projects".* FROM "projects" WHERE "projects"."developer_id" = $1  [["developer_id", 2]]
  Rendered collection (0.0ms)
  Rendered developers/show.html.haml within layouts/application (1.1ms)
Completed 200 OK in 26ms (Views: 22.2ms | ActiveRecord: 0.7ms)


Started GET "/developers" for ::1 at 2016-01-01 23:16:41 +0100
Processing by DevelopersController#index as HTML
  [1m[36mUser Load (0.2ms)[0m  [1mSELECT  "users".* FROM "users" WHERE "users"."id" = $1  ORDER BY "users"."id" ASC LIMIT 1[0m  [["id", 1]]
  [1m[35mDeveloper Load (0.3ms)[0m  SELECT "developers".* FROM "developers"
  [1m[36m (0.2ms)[0m  [1mSELECT COUNT(*) FROM "projects" WHERE "projects"."developer_id" = $1[0m  [["developer_id", 1]]
  [1m[35m (0.2ms)[0m  SELECT COUNT(*) FROM "projects" WHERE "projects"."developer_id" = $1  [["developer_id", 2]]
  Rendered developers/index.html.haml within layouts/application (3.1ms)
Completed 200 OK in 28ms (Views: 25.1ms | ActiveRecord: 0.8ms)


Started GET "/projects" for ::1 at 2016-01-01 23:16:41 +0100
Processing by ProjectsController#index as HTML
  [1m[36mUser Load (0.2ms)[0m  [1mSELECT  "users".* FROM "users" WHERE "users"."id" = $1  ORDER BY "users"."id" ASC LIMIT 1[0m  [["id", 1]]
  [1m[35mProject Load (0.2ms)[0m  SELECT "projects".* FROM "projects"
  Rendered collection (0.0ms)
  Rendered projects/index.html.haml within layouts/application (1.0ms)
Completed 200 OK in 26ms (Views: 24.0ms | ActiveRecord: 0.4ms)


Started GET "/" for ::1 at 2016-01-01 23:19:11 +0100
Processing by DevelopersController#index as HTML
Completed 401 Unauthorized in 4ms (ActiveRecord: 0.0ms)


Started GET "/users/sign_in" for ::1 at 2016-01-01 23:19:11 +0100
Processing by Devise::SessionsController#new as HTML
  Rendered /Users/izabelka/.rvm/gems/ruby-2.2.3/gems/devise-3.5.2/app/views/devise/shared/_links.html.erb (2.1ms)
  Rendered /Users/izabelka/.rvm/gems/ruby-2.2.3/gems/devise-3.5.2/app/views/devise/sessions/new.html.erb within layouts/application (13.8ms)
Completed 200 OK in 55ms (Views: 52.4ms | ActiveRecord: 0.0ms)


Started GET "/assets/application.self-e80e8f2318043e8af94dddc2adad5a4f09739a8ebb323b3ab31cd71d45fd9113.css?body=1" for ::1 at 2016-01-01 23:19:11 +0100


Started GET "/users/sign_up" for ::1 at 2016-01-01 23:19:15 +0100
Processing by Devise::RegistrationsController#new as HTML
  Rendered /Users/izabelka/.rvm/gems/ruby-2.2.3/gems/devise-3.5.2/app/views/devise/shared/_links.html.erb (0.3ms)
  Rendered /Users/izabelka/.rvm/gems/ruby-2.2.3/gems/devise-3.5.2/app/views/devise/registrations/new.html.erb within layouts/application (5.0ms)
Completed 200 OK in 33ms (Views: 31.8ms | ActiveRecord: 0.0ms)


Started GET "/developers" for ::1 at 2016-01-01 23:32:08 +0100
Processing by DevelopersController#index as HTML
Completed 401 Unauthorized in 2ms (ActiveRecord: 0.0ms)


Started GET "/users/sign_in" for ::1 at 2016-01-01 23:32:08 +0100
Processing by Devise::SessionsController#new as HTML
  Rendered /Users/izabelka/.rvm/gems/ruby-2.2.3/gems/devise-3.5.2/app/views/devise/shared/_links.html.erb (0.3ms)
  Rendered /Users/izabelka/.rvm/gems/ruby-2.2.3/gems/devise-3.5.2/app/views/devise/sessions/new.html.erb within layouts/application (4.3ms)
Completed 200 OK in 37ms (Views: 29.3ms | ActiveRecord: 1.2ms)


Started GET "/projects" for ::1 at 2016-01-01 23:32:09 +0100
Processing by ProjectsController#index as HTML
Completed 401 Unauthorized in 1ms (ActiveRecord: 0.0ms)


Started GET "/users/sign_in" for ::1 at 2016-01-01 23:32:09 +0100
Processing by Devise::SessionsController#new as HTML
  Rendered /Users/izabelka/.rvm/gems/ruby-2.2.3/gems/devise-3.5.2/app/views/devise/shared/_links.html.erb (0.3ms)
  Rendered /Users/izabelka/.rvm/gems/ruby-2.2.3/gems/devise-3.5.2/app/views/devise/sessions/new.html.erb within layouts/application (3.7ms)
Completed 200 OK in 30ms (Views: 28.9ms | ActiveRecord: 0.0ms)


Started GET "/developers" for ::1 at 2016-01-01 23:32:09 +0100
Processing by DevelopersController#index as HTML
Completed 401 Unauthorized in 1ms (ActiveRecord: 0.0ms)


Started GET "/users/sign_in" for ::1 at 2016-01-01 23:32:09 +0100
Processing by Devise::SessionsController#new as HTML
  Rendered /Users/izabelka/.rvm/gems/ruby-2.2.3/gems/devise-3.5.2/app/views/devise/shared/_links.html.erb (0.3ms)
  Rendered /Users/izabelka/.rvm/gems/ruby-2.2.3/gems/devise-3.5.2/app/views/devise/sessions/new.html.erb within layouts/application (3.8ms)
Completed 200 OK in 32ms (Views: 30.6ms | ActiveRecord: 0.0ms)


Started GET "/developers" for ::1 at 2016-01-01 23:32:13 +0100
Processing by DevelopersController#index as HTML
  [1m[36mUser Load (0.3ms)[0m  [1mSELECT  "users".* FROM "users" WHERE "users"."id" = $1  ORDER BY "users"."id" ASC LIMIT 1[0m  [["id", 1]]
  [1m[35mDeveloper Load (0.2ms)[0m  SELECT "developers".* FROM "developers"
  [1m[36m (0.1ms)[0m  [1mSELECT COUNT(*) FROM "projects" WHERE "projects"."developer_id" = $1[0m  [["developer_id", 1]]
  [1m[35m (0.1ms)[0m  SELECT COUNT(*) FROM "projects" WHERE "projects"."developer_id" = $1  [["developer_id", 2]]
  Rendered developers/index.html.haml within layouts/application (9.8ms)
Completed 200 OK in 38ms (Views: 31.2ms | ActiveRecord: 2.2ms)


Started GET "/projects" for ::1 at 2016-01-01 23:32:14 +0100
Processing by ProjectsController#index as HTML
  [1m[36mUser Load (0.2ms)[0m  [1mSELECT  "users".* FROM "users" WHERE "users"."id" = $1  ORDER BY "users"."id" ASC LIMIT 1[0m  [["id", 1]]
  [1m[35mProject Load (0.2ms)[0m  SELECT "projects".* FROM "projects"
  Rendered collection (0.0ms)
  Rendered projects/index.html.haml within layouts/application (0.9ms)
Completed 200 OK in 25ms (Views: 23.7ms | ActiveRecord: 0.4ms)


Started GET "/projects" for ::1 at 2016-01-01 23:32:18 +0100
Processing by ProjectsController#index as HTML
  [1m[36mUser Load (0.3ms)[0m  [1mSELECT  "users".* FROM "users" WHERE "users"."id" = $1  ORDER BY "users"."id" ASC LIMIT 1[0m  [["id", 1]]
  [1m[35mProject Load (0.2ms)[0m  SELECT "projects".* FROM "projects"
  Rendered collection (0.0ms)
  Rendered projects/index.html.haml within layouts/application (0.8ms)
Completed 200 OK in 24ms (Views: 21.7ms | ActiveRecord: 0.5ms)


Started GET "/developers" for ::1 at 2016-01-01 23:32:19 +0100
Processing by DevelopersController#index as HTML
  [1m[36mUser Load (0.2ms)[0m  [1mSELECT  "users".* FROM "users" WHERE "users"."id" = $1  ORDER BY "users"."id" ASC LIMIT 1[0m  [["id", 1]]
  [1m[35mDeveloper Load (0.2ms)[0m  SELECT "developers".* FROM "developers"
  [1m[36m (0.2ms)[0m  [1mSELECT COUNT(*) FROM "projects" WHERE "projects"."developer_id" = $1[0m  [["developer_id", 1]]
  [1m[35m (0.1ms)[0m  SELECT COUNT(*) FROM "projects" WHERE "projects"."developer_id" = $1  [["developer_id", 2]]
  Rendered developers/index.html.haml within layouts/application (3.8ms)
Completed 200 OK in 28ms (Views: 25.7ms | ActiveRecord: 0.7ms)


Started GET "/developers/2" for ::1 at 2016-01-01 23:32:21 +0100
Processing by DevelopersController#show as HTML
  Parameters: {"id"=>"2"}
  [1m[36mUser Load (0.2ms)[0m  [1mSELECT  "users".* FROM "users" WHERE "users"."id" = $1  ORDER BY "users"."id" ASC LIMIT 1[0m  [["id", 1]]
  [1m[35mDeveloper Load (0.2ms)[0m  SELECT  "developers".* FROM "developers" WHERE "developers"."id" = $1 LIMIT 1  [["id", 2]]
  [1m[36mProject Load (0.2ms)[0m  [1mSELECT "projects".* FROM "projects" WHERE "projects"."developer_id" = $1[0m  [["developer_id", 2]]
  Rendered collection (0.0ms)
  Rendered developers/show.html.haml within layouts/application (1.4ms)
Completed 200 OK in 28ms (Views: 25.6ms | ActiveRecord: 0.6ms)


Started GET "/projects" for ::1 at 2016-01-01 23:32:23 +0100
Processing by ProjectsController#index as HTML
  [1m[35mUser Load (0.2ms)[0m  SELECT  "users".* FROM "users" WHERE "users"."id" = $1  ORDER BY "users"."id" ASC LIMIT 1  [["id", 1]]
  [1m[36mProject Load (0.2ms)[0m  [1mSELECT "projects".* FROM "projects"[0m
  Rendered collection (0.0ms)
  Rendered projects/index.html.haml within layouts/application (1.0ms)
Completed 200 OK in 30ms (Views: 28.4ms | ActiveRecord: 0.4ms)


Started GET "/developers" for ::1 at 2016-01-01 23:32:23 +0100
Processing by DevelopersController#index as HTML
  [1m[35mUser Load (0.2ms)[0m  SELECT  "users".* FROM "users" WHERE "users"."id" = $1  ORDER BY "users"."id" ASC LIMIT 1  [["id", 1]]
  [1m[36mDeveloper Load (0.3ms)[0m  [1mSELECT "developers".* FROM "developers"[0m
  [1m[35m (0.1ms)[0m  SELECT COUNT(*) FROM "projects" WHERE "projects"."developer_id" = $1  [["developer_id", 1]]
  [1m[36m (0.1ms)[0m  [1mSELECT COUNT(*) FROM "projects" WHERE "projects"."developer_id" = $1[0m  [["developer_id", 2]]
  Rendered developers/index.html.haml within layouts/application (3.0ms)
Completed 200 OK in 33ms (Views: 30.4ms | ActiveRecord: 0.8ms)
  [1m[36mActiveRecord::SchemaMigration Load (0.3ms)[0m  [1mSELECT "schema_migrations".* FROM "schema_migrations"[0m
Migrating to AddDependentOptionToForeignKey (20160101235900)
  [1m[35m (0.1ms)[0m  BEGIN
  [1m[36m (3.7ms)[0m  [1mSELECT t2.oid::regclass::text AS to_table, a1.attname AS column, a2.attname AS primary_key, c.conname AS name, c.confupdtype AS on_update, c.confdeltype AS on_delete
FROM pg_constraint c
JOIN pg_class t1 ON c.conrelid = t1.oid
JOIN pg_class t2 ON c.confrelid = t2.oid
JOIN pg_attribute a1 ON a1.attnum = c.conkey[1] AND a1.attrelid = t1.oid
JOIN pg_attribute a2 ON a2.attnum = c.confkey[1] AND a2.attrelid = t2.oid
JOIN pg_namespace t3 ON c.connamespace = t3.oid
WHERE c.contype = 'f'
  AND t1.relname = 'projects'
  AND t3.nspname = ANY (current_schemas(false))
ORDER BY c.conname
[0m
  [1m[35m (3.4ms)[0m  ALTER TABLE "projects" DROP CONSTRAINT "fk_rails_01655e2d16"
  [1m[36m (2.1ms)[0m  [1mALTER TABLE "projects" ADD CONSTRAINT "fk_rails_01655e2d16"
FOREIGN KEY ("developer_id")
  REFERENCES "developers" ("id")
[0m
  [1m[35mSQL (0.6ms)[0m  INSERT INTO "schema_migrations" ("version") VALUES ($1)  [["version", "20160101235900"]]
  [1m[36m (0.4ms)[0m  [1mCOMMIT[0m
  [1m[35mActiveRecord::SchemaMigration Load (0.2ms)[0m  SELECT "schema_migrations".* FROM "schema_migrations"
  [1m[36m (2.3ms)[0m  [1mSELECT t2.oid::regclass::text AS to_table, a1.attname AS column, a2.attname AS primary_key, c.conname AS name, c.confupdtype AS on_update, c.confdeltype AS on_delete
FROM pg_constraint c
JOIN pg_class t1 ON c.conrelid = t1.oid
JOIN pg_class t2 ON c.confrelid = t2.oid
JOIN pg_attribute a1 ON a1.attnum = c.conkey[1] AND a1.attrelid = t1.oid
JOIN pg_attribute a2 ON a2.attnum = c.confkey[1] AND a2.attrelid = t2.oid
JOIN pg_namespace t3 ON c.connamespace = t3.oid
WHERE c.contype = 'f'
  AND t1.relname = 'developers'
  AND t3.nspname = ANY (current_schemas(false))
ORDER BY c.conname
[0m
  [1m[35m (2.8ms)[0m  SELECT t2.oid::regclass::text AS to_table, a1.attname AS column, a2.attname AS primary_key, c.conname AS name, c.confupdtype AS on_update, c.confdeltype AS on_delete
FROM pg_constraint c
JOIN pg_class t1 ON c.conrelid = t1.oid
JOIN pg_class t2 ON c.confrelid = t2.oid
JOIN pg_attribute a1 ON a1.attnum = c.conkey[1] AND a1.attrelid = t1.oid
JOIN pg_attribute a2 ON a2.attnum = c.confkey[1] AND a2.attrelid = t2.oid
JOIN pg_namespace t3 ON c.connamespace = t3.oid
WHERE c.contype = 'f'
  AND t1.relname = 'projects'
  AND t3.nspname = ANY (current_schemas(false))
ORDER BY c.conname

  [1m[36m (2.1ms)[0m  [1mSELECT t2.oid::regclass::text AS to_table, a1.attname AS column, a2.attname AS primary_key, c.conname AS name, c.confupdtype AS on_update, c.confdeltype AS on_delete
FROM pg_constraint c
JOIN pg_class t1 ON c.conrelid = t1.oid
JOIN pg_class t2 ON c.confrelid = t2.oid
JOIN pg_attribute a1 ON a1.attnum = c.conkey[1] AND a1.attrelid = t1.oid
JOIN pg_attribute a2 ON a2.attnum = c.confkey[1] AND a2.attrelid = t2.oid
JOIN pg_namespace t3 ON c.connamespace = t3.oid
WHERE c.contype = 'f'
  AND t1.relname = 'users'
  AND t3.nspname = ANY (current_schemas(false))
ORDER BY c.conname
[0m
  [1m[36mActiveRecord::SchemaMigration Load (0.3ms)[0m  [1mSELECT "schema_migrations".* FROM "schema_migrations"[0m
  [1m[35mActiveRecord::SchemaMigration Load (0.3ms)[0m  SELECT "schema_migrations".* FROM "schema_migrations"
Migrating to AddDependentOptionToForeignKey (20160101235900)
  [1m[36m (0.1ms)[0m  [1mBEGIN[0m
  [1m[35m (0.1ms)[0m  ROLLBACK
  [1m[36mActiveRecord::SchemaMigration Load (0.3ms)[0m  [1mSELECT "schema_migrations".* FROM "schema_migrations"[0m
  [1m[35mActiveRecord::SchemaMigration Load (0.2ms)[0m  SELECT "schema_migrations".* FROM "schema_migrations"
  [1m[36m (2.6ms)[0m  [1mSELECT t2.oid::regclass::text AS to_table, a1.attname AS column, a2.attname AS primary_key, c.conname AS name, c.confupdtype AS on_update, c.confdeltype AS on_delete
FROM pg_constraint c
JOIN pg_class t1 ON c.conrelid = t1.oid
JOIN pg_class t2 ON c.confrelid = t2.oid
JOIN pg_attribute a1 ON a1.attnum = c.conkey[1] AND a1.attrelid = t1.oid
JOIN pg_attribute a2 ON a2.attnum = c.confkey[1] AND a2.attrelid = t2.oid
JOIN pg_namespace t3 ON c.connamespace = t3.oid
WHERE c.contype = 'f'
  AND t1.relname = 'developers'
  AND t3.nspname = ANY (current_schemas(false))
ORDER BY c.conname
[0m
  [1m[35m (2.0ms)[0m  SELECT t2.oid::regclass::text AS to_table, a1.attname AS column, a2.attname AS primary_key, c.conname AS name, c.confupdtype AS on_update, c.confdeltype AS on_delete
FROM pg_constraint c
JOIN pg_class t1 ON c.conrelid = t1.oid
JOIN pg_class t2 ON c.confrelid = t2.oid
JOIN pg_attribute a1 ON a1.attnum = c.conkey[1] AND a1.attrelid = t1.oid
JOIN pg_attribute a2 ON a2.attnum = c.confkey[1] AND a2.attrelid = t2.oid
JOIN pg_namespace t3 ON c.connamespace = t3.oid
WHERE c.contype = 'f'
  AND t1.relname = 'projects'
  AND t3.nspname = ANY (current_schemas(false))
ORDER BY c.conname

  [1m[36m (1.9ms)[0m  [1mSELECT t2.oid::regclass::text AS to_table, a1.attname AS column, a2.attname AS primary_key, c.conname AS name, c.confupdtype AS on_update, c.confdeltype AS on_delete
FROM pg_constraint c
JOIN pg_class t1 ON c.conrelid = t1.oid
JOIN pg_class t2 ON c.confrelid = t2.oid
JOIN pg_attribute a1 ON a1.attnum = c.conkey[1] AND a1.attrelid = t1.oid
JOIN pg_attribute a2 ON a2.attnum = c.confkey[1] AND a2.attrelid = t2.oid
JOIN pg_namespace t3 ON c.connamespace = t3.oid
WHERE c.contype = 'f'
  AND t1.relname = 'users'
  AND t3.nspname = ANY (current_schemas(false))
ORDER BY c.conname
[0m
  [1m[36mActiveRecord::SchemaMigration Load (0.3ms)[0m  [1mSELECT "schema_migrations".* FROM "schema_migrations"[0m
  [1m[35mActiveRecord::SchemaMigration Load (0.1ms)[0m  SELECT "schema_migrations".* FROM "schema_migrations"
Migrating to AddDependentOptionToForeignKey (20160101235900)
  [1m[36m (0.1ms)[0m  [1mBEGIN[0m
  [1m[35m (0.2ms)[0m  ROLLBACK
  [1m[36mActiveRecord::SchemaMigration Load (0.3ms)[0m  [1mSELECT "schema_migrations".* FROM "schema_migrations"[0m
  [1m[35mActiveRecord::SchemaMigration Load (0.1ms)[0m  SELECT "schema_migrations".* FROM "schema_migrations"
  [1m[36m (2.6ms)[0m  [1mSELECT t2.oid::regclass::text AS to_table, a1.attname AS column, a2.attname AS primary_key, c.conname AS name, c.confupdtype AS on_update, c.confdeltype AS on_delete
FROM pg_constraint c
JOIN pg_class t1 ON c.conrelid = t1.oid
JOIN pg_class t2 ON c.confrelid = t2.oid
JOIN pg_attribute a1 ON a1.attnum = c.conkey[1] AND a1.attrelid = t1.oid
JOIN pg_attribute a2 ON a2.attnum = c.confkey[1] AND a2.attrelid = t2.oid
JOIN pg_namespace t3 ON c.connamespace = t3.oid
WHERE c.contype = 'f'
  AND t1.relname = 'developers'
  AND t3.nspname = ANY (current_schemas(false))
ORDER BY c.conname
[0m
  [1m[35m (1.8ms)[0m  SELECT t2.oid::regclass::text AS to_table, a1.attname AS column, a2.attname AS primary_key, c.conname AS name, c.confupdtype AS on_update, c.confdeltype AS on_delete
FROM pg_constraint c
JOIN pg_class t1 ON c.conrelid = t1.oid
JOIN pg_class t2 ON c.confrelid = t2.oid
JOIN pg_attribute a1 ON a1.attnum = c.conkey[1] AND a1.attrelid = t1.oid
JOIN pg_attribute a2 ON a2.attnum = c.confkey[1] AND a2.attrelid = t2.oid
JOIN pg_namespace t3 ON c.connamespace = t3.oid
WHERE c.contype = 'f'
  AND t1.relname = 'projects'
  AND t3.nspname = ANY (current_schemas(false))
ORDER BY c.conname

  [1m[36m (2.3ms)[0m  [1mSELECT t2.oid::regclass::text AS to_table, a1.attname AS column, a2.attname AS primary_key, c.conname AS name, c.confupdtype AS on_update, c.confdeltype AS on_delete
FROM pg_constraint c
JOIN pg_class t1 ON c.conrelid = t1.oid
JOIN pg_class t2 ON c.confrelid = t2.oid
JOIN pg_attribute a1 ON a1.attnum = c.conkey[1] AND a1.attrelid = t1.oid
JOIN pg_attribute a2 ON a2.attnum = c.confkey[1] AND a2.attrelid = t2.oid
JOIN pg_namespace t3 ON c.connamespace = t3.oid
WHERE c.contype = 'f'
  AND t1.relname = 'users'
  AND t3.nspname = ANY (current_schemas(false))
ORDER BY c.conname
[0m
  [1m[36mActiveRecord::SchemaMigration Load (0.3ms)[0m  [1mSELECT "schema_migrations".* FROM "schema_migrations"[0m
Migrating to AddDependentOptionToForeignKey2 (20160102000418)
  [1m[35m (0.1ms)[0m  BEGIN
  [1m[36m (0.2ms)[0m  [1mROLLBACK[0m
  [1m[36mActiveRecord::SchemaMigration Load (0.3ms)[0m  [1mSELECT "schema_migrations".* FROM "schema_migrations"[0m
Migrating to AddDependentOptionToForeignKey2 (20160102000418)
  [1m[35m (0.1ms)[0m  BEGIN
  [1m[36m (2.5ms)[0m  [1mSELECT t2.oid::regclass::text AS to_table, a1.attname AS column, a2.attname AS primary_key, c.conname AS name, c.confupdtype AS on_update, c.confdeltype AS on_delete
FROM pg_constraint c
JOIN pg_class t1 ON c.conrelid = t1.oid
JOIN pg_class t2 ON c.confrelid = t2.oid
JOIN pg_attribute a1 ON a1.attnum = c.conkey[1] AND a1.attrelid = t1.oid
JOIN pg_attribute a2 ON a2.attnum = c.confkey[1] AND a2.attrelid = t2.oid
JOIN pg_namespace t3 ON c.connamespace = t3.oid
WHERE c.contype = 'f'
  AND t1.relname = 'projects'
  AND t3.nspname = ANY (current_schemas(false))
ORDER BY c.conname
[0m
  [1m[35m (0.8ms)[0m  ALTER TABLE "projects" DROP CONSTRAINT "fk_rails_01655e2d16"
  [1m[36m (1.3ms)[0m  [1mALTER TABLE "projects" ADD CONSTRAINT "fk_rails_01655e2d16"
FOREIGN KEY ("developer_id")
  REFERENCES "developers" ("id")
 ON DELETE CASCADE[0m
  [1m[35mSQL (0.2ms)[0m  INSERT INTO "schema_migrations" ("version") VALUES ($1)  [["version", "20160102000418"]]
  [1m[36m (1.4ms)[0m  [1mCOMMIT[0m
  [1m[35mActiveRecord::SchemaMigration Load (0.1ms)[0m  SELECT "schema_migrations".* FROM "schema_migrations"
  [1m[36m (2.8ms)[0m  [1mSELECT t2.oid::regclass::text AS to_table, a1.attname AS column, a2.attname AS primary_key, c.conname AS name, c.confupdtype AS on_update, c.confdeltype AS on_delete
FROM pg_constraint c
JOIN pg_class t1 ON c.conrelid = t1.oid
JOIN pg_class t2 ON c.confrelid = t2.oid
JOIN pg_attribute a1 ON a1.attnum = c.conkey[1] AND a1.attrelid = t1.oid
JOIN pg_attribute a2 ON a2.attnum = c.confkey[1] AND a2.attrelid = t2.oid
JOIN pg_namespace t3 ON c.connamespace = t3.oid
WHERE c.contype = 'f'
  AND t1.relname = 'developers'
  AND t3.nspname = ANY (current_schemas(false))
ORDER BY c.conname
[0m
  [1m[35m (2.3ms)[0m  SELECT t2.oid::regclass::text AS to_table, a1.attname AS column, a2.attname AS primary_key, c.conname AS name, c.confupdtype AS on_update, c.confdeltype AS on_delete
FROM pg_constraint c
JOIN pg_class t1 ON c.conrelid = t1.oid
JOIN pg_class t2 ON c.confrelid = t2.oid
JOIN pg_attribute a1 ON a1.attnum = c.conkey[1] AND a1.attrelid = t1.oid
JOIN pg_attribute a2 ON a2.attnum = c.confkey[1] AND a2.attrelid = t2.oid
JOIN pg_namespace t3 ON c.connamespace = t3.oid
WHERE c.contype = 'f'
  AND t1.relname = 'projects'
  AND t3.nspname = ANY (current_schemas(false))
ORDER BY c.conname

  [1m[36m (5.2ms)[0m  [1mSELECT t2.oid::regclass::text AS to_table, a1.attname AS column, a2.attname AS primary_key, c.conname AS name, c.confupdtype AS on_update, c.confdeltype AS on_delete
FROM pg_constraint c
JOIN pg_class t1 ON c.conrelid = t1.oid
JOIN pg_class t2 ON c.confrelid = t2.oid
JOIN pg_attribute a1 ON a1.attnum = c.conkey[1] AND a1.attrelid = t1.oid
JOIN pg_attribute a2 ON a2.attnum = c.confkey[1] AND a2.attrelid = t2.oid
JOIN pg_namespace t3 ON c.connamespace = t3.oid
WHERE c.contype = 'f'
  AND t1.relname = 'users'
  AND t3.nspname = ANY (current_schemas(false))
ORDER BY c.conname
[0m
